{"/home/gabriel/Desktop/fast-food/src/application/use-cases/client/create-client/create-client.ts": {"path":"/home/gabriel/Desktop/fast-food/src/application/use-cases/client/create-client/create-client.ts","statementMap":{"0":{"start":{"line":12,"column":7},"end":{"line":43,"column":null}},"1":{"start":{"line":14,"column":47},"end":{"line":14,"column":null}},"2":{"start":{"line":15,"column":57},"end":{"line":15,"column":null}},"3":{"start":{"line":19,"column":8},"end":{"line":19,"column":null}},"4":{"start":{"line":21,"column":30},"end":{"line":21,"column":null}},"5":{"start":{"line":23,"column":8},"end":{"line":30,"column":null}},"6":{"start":{"line":24,"column":37},"end":{"line":24,"column":null}},"7":{"start":{"line":25,"column":12},"end":{"line":28,"column":null}},"8":{"start":{"line":29,"column":12},"end":{"line":29,"column":null}},"9":{"start":{"line":31,"column":23},"end":{"line":35,"column":null}},"10":{"start":{"line":37,"column":30},"end":{"line":37,"column":null}},"11":{"start":{"line":39,"column":8},"end":{"line":39,"column":null}},"12":{"start":{"line":41,"column":8},"end":{"line":41,"column":null}},"13":{"start":{"line":12,"column":13},"end":{"line":12,"column":58}}},"fnMap":{"0":{"name":"(anonymous_0)","decl":{"start":{"line":13,"column":4},"end":{"line":13,"column":null}},"loc":{"start":{"line":16,"column":6},"end":{"line":16,"column":null}},"line":16},"1":{"name":"(anonymous_1)","decl":{"start":{"line":18,"column":10},"end":{"line":18,"column":18}},"loc":{"start":{"line":18,"column":65},"end":{"line":42,"column":null}},"line":18}},"branchMap":{"0":{"loc":{"start":{"line":23,"column":8},"end":{"line":30,"column":null}},"type":"if","locations":[{"start":{"line":23,"column":8},"end":{"line":30,"column":null}},{"start":{},"end":{}}],"line":23},"1":{"loc":{"start":{"line":24,"column":37},"end":{"line":24,"column":null}},"type":"cond-expr","locations":[{"start":{"line":24,"column":74},"end":{"line":24,"column":82}},{"start":{"line":24,"column":82},"end":{"line":24,"column":null}}],"line":24}},"s":{"0":1,"1":1,"2":1,"3":2,"4":2,"5":2,"6":1,"7":1,"8":1,"9":1,"10":1,"11":1,"12":1,"13":1},"f":{"0":1,"1":2},"b":{"0":[1,1],"1":[1,0]},"meta":{"lastBranch":2,"lastFunction":2,"lastStatement":14,"seen":{"s:12:7:43:Infinity":0,"f:13:4:13:Infinity":0,"s:14:47:14:Infinity":1,"s:15:57:15:Infinity":2,"f:18:10:18:18":1,"s:19:8:19:Infinity":3,"s:21:30:21:Infinity":4,"b:23:8:30:Infinity:undefined:undefined:undefined:undefined":0,"s:23:8:30:Infinity":5,"s:24:37:24:Infinity":6,"b:24:74:24:82:24:82:24:Infinity":1,"s:25:12:28:Infinity":7,"s:29:12:29:Infinity":8,"s:31:23:35:Infinity":9,"s:37:30:37:Infinity":10,"s:39:8:39:Infinity":11,"s:41:8:41:Infinity":12,"s:12:13:12:58":13}}}
,"/home/gabriel/Desktop/fast-food/src/application/use-cases/client/delete-client/delete-client.ts": {"path":"/home/gabriel/Desktop/fast-food/src/application/use-cases/client/delete-client/delete-client.ts","statementMap":{"0":{"start":{"line":10,"column":7},"end":{"line":30,"column":null}},"1":{"start":{"line":12,"column":47},"end":{"line":12,"column":null}},"2":{"start":{"line":13,"column":57},"end":{"line":13,"column":null}},"3":{"start":{"line":17,"column":8},"end":{"line":17,"column":null}},"4":{"start":{"line":19,"column":23},"end":{"line":19,"column":null}},"5":{"start":{"line":21,"column":8},"end":{"line":24,"column":null}},"6":{"start":{"line":22,"column":12},"end":{"line":22,"column":null}},"7":{"start":{"line":23,"column":12},"end":{"line":23,"column":null}},"8":{"start":{"line":26,"column":8},"end":{"line":26,"column":null}},"9":{"start":{"line":28,"column":8},"end":{"line":28,"column":null}},"10":{"start":{"line":10,"column":13},"end":{"line":10,"column":58}}},"fnMap":{"0":{"name":"(anonymous_0)","decl":{"start":{"line":11,"column":4},"end":{"line":11,"column":null}},"loc":{"start":{"line":14,"column":6},"end":{"line":14,"column":null}},"line":14},"1":{"name":"(anonymous_1)","decl":{"start":{"line":16,"column":10},"end":{"line":16,"column":18}},"loc":{"start":{"line":16,"column":46},"end":{"line":29,"column":null}},"line":16}},"branchMap":{"0":{"loc":{"start":{"line":21,"column":8},"end":{"line":24,"column":null}},"type":"if","locations":[{"start":{"line":21,"column":8},"end":{"line":24,"column":null}},{"start":{},"end":{}}],"line":21}},"s":{"0":1,"1":1,"2":1,"3":2,"4":2,"5":2,"6":1,"7":1,"8":1,"9":1,"10":1},"f":{"0":1,"1":2},"b":{"0":[1,1]},"meta":{"lastBranch":1,"lastFunction":2,"lastStatement":11,"seen":{"s:10:7:30:Infinity":0,"f:11:4:11:Infinity":0,"s:12:47:12:Infinity":1,"s:13:57:13:Infinity":2,"f:16:10:16:18":1,"s:17:8:17:Infinity":3,"s:19:23:19:Infinity":4,"b:21:8:24:Infinity:undefined:undefined:undefined:undefined":0,"s:21:8:24:Infinity":5,"s:22:12:22:Infinity":6,"s:23:12:23:Infinity":7,"s:26:8:26:Infinity":8,"s:28:8:28:Infinity":9,"s:10:13:10:58":10}}}
,"/home/gabriel/Desktop/fast-food/src/application/use-cases/client/get-client-by-cpf/get-client-by-cpf.ts": {"path":"/home/gabriel/Desktop/fast-food/src/application/use-cases/client/get-client-by-cpf/get-client-by-cpf.ts","statementMap":{"0":{"start":{"line":11,"column":7},"end":{"line":31,"column":null}},"1":{"start":{"line":13,"column":47},"end":{"line":13,"column":null}},"2":{"start":{"line":14,"column":57},"end":{"line":14,"column":null}},"3":{"start":{"line":18,"column":8},"end":{"line":18,"column":null}},"4":{"start":{"line":20,"column":23},"end":{"line":20,"column":null}},"5":{"start":{"line":22,"column":8},"end":{"line":25,"column":null}},"6":{"start":{"line":23,"column":12},"end":{"line":23,"column":null}},"7":{"start":{"line":24,"column":12},"end":{"line":24,"column":null}},"8":{"start":{"line":27,"column":8},"end":{"line":27,"column":null}},"9":{"start":{"line":29,"column":8},"end":{"line":29,"column":null}},"10":{"start":{"line":11,"column":13},"end":{"line":11,"column":62}}},"fnMap":{"0":{"name":"(anonymous_0)","decl":{"start":{"line":12,"column":4},"end":{"line":12,"column":null}},"loc":{"start":{"line":15,"column":6},"end":{"line":15,"column":null}},"line":15},"1":{"name":"(anonymous_1)","decl":{"start":{"line":17,"column":10},"end":{"line":17,"column":18}},"loc":{"start":{"line":17,"column":48},"end":{"line":30,"column":null}},"line":17}},"branchMap":{"0":{"loc":{"start":{"line":22,"column":8},"end":{"line":25,"column":null}},"type":"if","locations":[{"start":{"line":22,"column":8},"end":{"line":25,"column":null}},{"start":{},"end":{}}],"line":22}},"s":{"0":1,"1":1,"2":1,"3":2,"4":2,"5":2,"6":1,"7":1,"8":1,"9":1,"10":1},"f":{"0":1,"1":2},"b":{"0":[1,1]},"meta":{"lastBranch":1,"lastFunction":2,"lastStatement":11,"seen":{"s:11:7:31:Infinity":0,"f:12:4:12:Infinity":0,"s:13:47:13:Infinity":1,"s:14:57:14:Infinity":2,"f:17:10:17:18":1,"s:18:8:18:Infinity":3,"s:20:23:20:Infinity":4,"b:22:8:25:Infinity:undefined:undefined:undefined:undefined":0,"s:22:8:25:Infinity":5,"s:23:12:23:Infinity":6,"s:24:12:24:Infinity":7,"s:27:8:27:Infinity":8,"s:29:8:29:Infinity":9,"s:11:13:11:62":10}}}
,"/home/gabriel/Desktop/fast-food/src/application/use-cases/client/get-client-by-id/get-client-by-id.ts": {"path":"/home/gabriel/Desktop/fast-food/src/application/use-cases/client/get-client-by-id/get-client-by-id.ts","statementMap":{"0":{"start":{"line":11,"column":7},"end":{"line":30,"column":null}},"1":{"start":{"line":13,"column":47},"end":{"line":13,"column":null}},"2":{"start":{"line":14,"column":57},"end":{"line":14,"column":null}},"3":{"start":{"line":18,"column":8},"end":{"line":18,"column":null}},"4":{"start":{"line":20,"column":23},"end":{"line":20,"column":null}},"5":{"start":{"line":22,"column":8},"end":{"line":25,"column":null}},"6":{"start":{"line":23,"column":12},"end":{"line":23,"column":null}},"7":{"start":{"line":24,"column":12},"end":{"line":24,"column":null}},"8":{"start":{"line":27,"column":8},"end":{"line":27,"column":null}},"9":{"start":{"line":28,"column":8},"end":{"line":28,"column":null}},"10":{"start":{"line":11,"column":13},"end":{"line":11,"column":60}}},"fnMap":{"0":{"name":"(anonymous_0)","decl":{"start":{"line":12,"column":4},"end":{"line":12,"column":null}},"loc":{"start":{"line":15,"column":6},"end":{"line":15,"column":null}},"line":15},"1":{"name":"(anonymous_1)","decl":{"start":{"line":17,"column":10},"end":{"line":17,"column":18}},"loc":{"start":{"line":17,"column":47},"end":{"line":29,"column":null}},"line":17}},"branchMap":{"0":{"loc":{"start":{"line":22,"column":8},"end":{"line":25,"column":null}},"type":"if","locations":[{"start":{"line":22,"column":8},"end":{"line":25,"column":null}},{"start":{},"end":{}}],"line":22}},"s":{"0":1,"1":1,"2":1,"3":2,"4":2,"5":2,"6":1,"7":1,"8":1,"9":1,"10":1},"f":{"0":1,"1":2},"b":{"0":[1,1]},"meta":{"lastBranch":1,"lastFunction":2,"lastStatement":11,"seen":{"s:11:7:30:Infinity":0,"f:12:4:12:Infinity":0,"s:13:47:13:Infinity":1,"s:14:57:14:Infinity":2,"f:17:10:17:18":1,"s:18:8:18:Infinity":3,"s:20:23:20:Infinity":4,"b:22:8:25:Infinity:undefined:undefined:undefined:undefined":0,"s:22:8:25:Infinity":5,"s:23:12:23:Infinity":6,"s:24:12:24:Infinity":7,"s:27:8:27:Infinity":8,"s:28:8:28:Infinity":9,"s:11:13:11:60":10}}}
,"/home/gabriel/Desktop/fast-food/src/application/use-cases/client/update-client/update-client.ts": {"path":"/home/gabriel/Desktop/fast-food/src/application/use-cases/client/update-client/update-client.ts","statementMap":{"0":{"start":{"line":12,"column":7},"end":{"line":75,"column":null}},"1":{"start":{"line":14,"column":47},"end":{"line":14,"column":null}},"2":{"start":{"line":15,"column":57},"end":{"line":15,"column":null}},"3":{"start":{"line":19,"column":8},"end":{"line":19,"column":null}},"4":{"start":{"line":21,"column":23},"end":{"line":21,"column":null}},"5":{"start":{"line":22,"column":8},"end":{"line":22,"column":null}},"6":{"start":{"line":24,"column":29},"end":{"line":29,"column":null}},"7":{"start":{"line":30,"column":23},"end":{"line":30,"column":null}},"8":{"start":{"line":32,"column":8},"end":{"line":32,"column":null}},"9":{"start":{"line":34,"column":8},"end":{"line":34,"column":null}},"10":{"start":{"line":38,"column":23},"end":{"line":38,"column":null}},"11":{"start":{"line":40,"column":8},"end":{"line":43,"column":null}},"12":{"start":{"line":41,"column":12},"end":{"line":41,"column":null}},"13":{"start":{"line":42,"column":12},"end":{"line":42,"column":null}},"14":{"start":{"line":45,"column":8},"end":{"line":45,"column":null}},"15":{"start":{"line":49,"column":8},"end":{"line":51,"column":null}},"16":{"start":{"line":50,"column":12},"end":{"line":50,"column":null}},"17":{"start":{"line":53,"column":8},"end":{"line":55,"column":null}},"18":{"start":{"line":54,"column":12},"end":{"line":54,"column":null}},"19":{"start":{"line":59,"column":31},"end":{"line":59,"column":null}},"20":{"start":{"line":61,"column":8},"end":{"line":64,"column":null}},"21":{"start":{"line":62,"column":12},"end":{"line":62,"column":null}},"22":{"start":{"line":63,"column":12},"end":{"line":63,"column":null}},"23":{"start":{"line":68,"column":31},"end":{"line":68,"column":null}},"24":{"start":{"line":70,"column":8},"end":{"line":73,"column":null}},"25":{"start":{"line":71,"column":12},"end":{"line":71,"column":null}},"26":{"start":{"line":72,"column":12},"end":{"line":72,"column":null}},"27":{"start":{"line":12,"column":13},"end":{"line":12,"column":58}}},"fnMap":{"0":{"name":"(anonymous_0)","decl":{"start":{"line":13,"column":4},"end":{"line":13,"column":null}},"loc":{"start":{"line":16,"column":6},"end":{"line":16,"column":null}},"line":16},"1":{"name":"(anonymous_1)","decl":{"start":{"line":18,"column":10},"end":{"line":18,"column":18}},"loc":{"start":{"line":18,"column":78},"end":{"line":35,"column":null}},"line":18},"2":{"name":"(anonymous_2)","decl":{"start":{"line":37,"column":18},"end":{"line":37,"column":35}},"loc":{"start":{"line":37,"column":65},"end":{"line":46,"column":null}},"line":37},"3":{"name":"(anonymous_3)","decl":{"start":{"line":48,"column":18},"end":{"line":48,"column":44}},"loc":{"start":{"line":48,"column":105},"end":{"line":56,"column":null}},"line":48},"4":{"name":"(anonymous_4)","decl":{"start":{"line":58,"column":18},"end":{"line":58,"column":38}},"loc":{"start":{"line":58,"column":66},"end":{"line":65,"column":null}},"line":58},"5":{"name":"(anonymous_5)","decl":{"start":{"line":67,"column":18},"end":{"line":67,"column":40}},"loc":{"start":{"line":67,"column":70},"end":{"line":74,"column":null}},"line":67}},"branchMap":{"0":{"loc":{"start":{"line":26,"column":18},"end":{"line":26,"column":null}},"type":"binary-expr","locations":[{"start":{"line":26,"column":18},"end":{"line":26,"column":34}},{"start":{"line":26,"column":34},"end":{"line":26,"column":null}}],"line":26},"1":{"loc":{"start":{"line":27,"column":17},"end":{"line":27,"column":null}},"type":"binary-expr","locations":[{"start":{"line":27,"column":17},"end":{"line":27,"column":32}},{"start":{"line":27,"column":32},"end":{"line":27,"column":null}}],"line":27},"2":{"loc":{"start":{"line":28,"column":19},"end":{"line":28,"column":null}},"type":"binary-expr","locations":[{"start":{"line":28,"column":19},"end":{"line":28,"column":36}},{"start":{"line":28,"column":36},"end":{"line":28,"column":null}}],"line":28},"3":{"loc":{"start":{"line":40,"column":8},"end":{"line":43,"column":null}},"type":"if","locations":[{"start":{"line":40,"column":8},"end":{"line":43,"column":null}},{"start":{},"end":{}}],"line":40},"4":{"loc":{"start":{"line":49,"column":8},"end":{"line":51,"column":null}},"type":"if","locations":[{"start":{"line":49,"column":8},"end":{"line":51,"column":null}},{"start":{},"end":{}}],"line":49},"5":{"loc":{"start":{"line":49,"column":12},"end":{"line":49,"column":55}},"type":"binary-expr","locations":[{"start":{"line":49,"column":12},"end":{"line":49,"column":27}},{"start":{"line":49,"column":27},"end":{"line":49,"column":55}}],"line":49},"6":{"loc":{"start":{"line":53,"column":8},"end":{"line":55,"column":null}},"type":"if","locations":[{"start":{"line":53,"column":8},"end":{"line":55,"column":null}},{"start":{},"end":{}}],"line":53},"7":{"loc":{"start":{"line":53,"column":12},"end":{"line":53,"column":61}},"type":"binary-expr","locations":[{"start":{"line":53,"column":12},"end":{"line":53,"column":29}},{"start":{"line":53,"column":29},"end":{"line":53,"column":61}}],"line":53},"8":{"loc":{"start":{"line":61,"column":8},"end":{"line":64,"column":null}},"type":"if","locations":[{"start":{"line":61,"column":8},"end":{"line":64,"column":null}},{"start":{},"end":{}}],"line":61},"9":{"loc":{"start":{"line":70,"column":8},"end":{"line":73,"column":null}},"type":"if","locations":[{"start":{"line":70,"column":8},"end":{"line":73,"column":null}},{"start":{},"end":{}}],"line":70}},"s":{"0":1,"1":1,"2":1,"3":4,"4":4,"5":3,"6":1,"7":4,"8":1,"9":1,"10":4,"11":4,"12":1,"13":1,"14":3,"15":3,"16":1,"17":2,"18":1,"19":1,"20":1,"21":1,"22":1,"23":1,"24":1,"25":1,"26":1,"27":1},"f":{"0":1,"1":4,"2":4,"3":3,"4":1,"5":1},"b":{"0":[1,0],"1":[4,1],"2":[4,1],"3":[1,3],"4":[1,2],"5":[3,1],"6":[1,1],"7":[2,1],"8":[1,0],"9":[1,0]},"meta":{"lastBranch":10,"lastFunction":6,"lastStatement":28,"seen":{"s:12:7:75:Infinity":0,"f:13:4:13:Infinity":0,"s:14:47:14:Infinity":1,"s:15:57:15:Infinity":2,"f:18:10:18:18":1,"s:19:8:19:Infinity":3,"s:21:23:21:Infinity":4,"s:22:8:22:Infinity":5,"s:24:29:29:Infinity":6,"b:26:18:26:34:26:34:26:Infinity":0,"b:27:17:27:32:27:32:27:Infinity":1,"b:28:19:28:36:28:36:28:Infinity":2,"s:30:23:30:Infinity":7,"s:32:8:32:Infinity":8,"s:34:8:34:Infinity":9,"f:37:18:37:35":2,"s:38:23:38:Infinity":10,"b:40:8:43:Infinity:undefined:undefined:undefined:undefined":3,"s:40:8:43:Infinity":11,"s:41:12:41:Infinity":12,"s:42:12:42:Infinity":13,"s:45:8:45:Infinity":14,"f:48:18:48:44":3,"b:49:8:51:Infinity:undefined:undefined:undefined:undefined":4,"s:49:8:51:Infinity":15,"b:49:12:49:27:49:27:49:55":5,"s:50:12:50:Infinity":16,"b:53:8:55:Infinity:undefined:undefined:undefined:undefined":6,"s:53:8:55:Infinity":17,"b:53:12:53:29:53:29:53:61":7,"s:54:12:54:Infinity":18,"f:58:18:58:38":4,"s:59:31:59:Infinity":19,"b:61:8:64:Infinity:undefined:undefined:undefined:undefined":8,"s:61:8:64:Infinity":20,"s:62:12:62:Infinity":21,"s:63:12:63:Infinity":22,"f:67:18:67:40":5,"s:68:31:68:Infinity":23,"b:70:8:73:Infinity:undefined:undefined:undefined:undefined":9,"s:70:8:73:Infinity":24,"s:71:12:71:Infinity":25,"s:72:12:72:Infinity":26,"s:12:13:12:58":27}}}
,"/home/gabriel/Desktop/fast-food/src/application/use-cases/product-category/get-product-category/get-product-category.ts": {"path":"/home/gabriel/Desktop/fast-food/src/application/use-cases/product-category/get-product-category/get-product-category.ts","statementMap":{"0":{"start":{"line":11,"column":7},"end":{"line":30,"column":null}},"1":{"start":{"line":13,"column":47},"end":{"line":13,"column":null}},"2":{"start":{"line":14,"column":66},"end":{"line":14,"column":null}},"3":{"start":{"line":18,"column":8},"end":{"line":18,"column":null}},"4":{"start":{"line":20,"column":25},"end":{"line":20,"column":null}},"5":{"start":{"line":21,"column":8},"end":{"line":24,"column":null}},"6":{"start":{"line":22,"column":12},"end":{"line":22,"column":null}},"7":{"start":{"line":23,"column":12},"end":{"line":23,"column":null}},"8":{"start":{"line":26,"column":8},"end":{"line":26,"column":null}},"9":{"start":{"line":28,"column":8},"end":{"line":28,"column":null}},"10":{"start":{"line":11,"column":13},"end":{"line":11,"column":70}}},"fnMap":{"0":{"name":"(anonymous_0)","decl":{"start":{"line":12,"column":4},"end":{"line":12,"column":null}},"loc":{"start":{"line":15,"column":6},"end":{"line":15,"column":null}},"line":15},"1":{"name":"(anonymous_1)","decl":{"start":{"line":17,"column":10},"end":{"line":17,"column":18}},"loc":{"start":{"line":17,"column":75},"end":{"line":29,"column":null}},"line":17}},"branchMap":{"0":{"loc":{"start":{"line":21,"column":8},"end":{"line":24,"column":null}},"type":"if","locations":[{"start":{"line":21,"column":8},"end":{"line":24,"column":null}},{"start":{},"end":{}}],"line":21}},"s":{"0":1,"1":1,"2":1,"3":3,"4":3,"5":3,"6":1,"7":1,"8":2,"9":2,"10":1},"f":{"0":1,"1":3},"b":{"0":[1,2]},"meta":{"lastBranch":1,"lastFunction":2,"lastStatement":11,"seen":{"s:11:7:30:Infinity":0,"f:12:4:12:Infinity":0,"s:13:47:13:Infinity":1,"s:14:66:14:Infinity":2,"f:17:10:17:18":1,"s:18:8:18:Infinity":3,"s:20:25:20:Infinity":4,"b:21:8:24:Infinity:undefined:undefined:undefined:undefined":0,"s:21:8:24:Infinity":5,"s:22:12:22:Infinity":6,"s:23:12:23:Infinity":7,"s:26:8:26:Infinity":8,"s:28:8:28:Infinity":9,"s:11:13:11:70":10}}}
,"/home/gabriel/Desktop/fast-food/src/application/use-cases/product-category/list-product-category/list-product-category.ts": {"path":"/home/gabriel/Desktop/fast-food/src/application/use-cases/product-category/list-product-category/list-product-category.ts","statementMap":{"0":{"start":{"line":11,"column":7},"end":{"line":26,"column":null}},"1":{"start":{"line":13,"column":47},"end":{"line":13,"column":null}},"2":{"start":{"line":14,"column":66},"end":{"line":14,"column":null}},"3":{"start":{"line":18,"column":8},"end":{"line":18,"column":null}},"4":{"start":{"line":20,"column":27},"end":{"line":20,"column":null}},"5":{"start":{"line":22,"column":8},"end":{"line":22,"column":null}},"6":{"start":{"line":24,"column":8},"end":{"line":24,"column":null}},"7":{"start":{"line":11,"column":13},"end":{"line":11,"column":72}}},"fnMap":{"0":{"name":"(anonymous_0)","decl":{"start":{"line":12,"column":4},"end":{"line":12,"column":null}},"loc":{"start":{"line":15,"column":6},"end":{"line":15,"column":null}},"line":15},"1":{"name":"(anonymous_1)","decl":{"start":{"line":17,"column":10},"end":{"line":17,"column":18}},"loc":{"start":{"line":17,"column":87},"end":{"line":25,"column":null}},"line":17}},"branchMap":{},"s":{"0":1,"1":1,"2":1,"3":2,"4":2,"5":2,"6":2,"7":1},"f":{"0":1,"1":2},"b":{},"meta":{"lastBranch":0,"lastFunction":2,"lastStatement":8,"seen":{"s:11:7:26:Infinity":0,"f:12:4:12:Infinity":0,"s:13:47:13:Infinity":1,"s:14:66:14:Infinity":2,"f:17:10:17:18":1,"s:18:8:18:Infinity":3,"s:20:27:20:Infinity":4,"s:22:8:22:Infinity":5,"s:24:8:24:Infinity":6,"s:11:13:11:72":7}}}
,"/home/gabriel/Desktop/fast-food/src/application/use-cases/product/create-product/create-product.ts": {"path":"/home/gabriel/Desktop/fast-food/src/application/use-cases/product/create-product/create-product.ts","statementMap":{"0":{"start":{"line":13,"column":7},"end":{"line":47,"column":null}},"1":{"start":{"line":15,"column":47},"end":{"line":15,"column":null}},"2":{"start":{"line":16,"column":58},"end":{"line":16,"column":null}},"3":{"start":{"line":17,"column":66},"end":{"line":17,"column":null}},"4":{"start":{"line":21,"column":8},"end":{"line":21,"column":null}},"5":{"start":{"line":23,"column":25},"end":{"line":23,"column":null}},"6":{"start":{"line":25,"column":8},"end":{"line":28,"column":null}},"7":{"start":{"line":26,"column":12},"end":{"line":26,"column":null}},"8":{"start":{"line":27,"column":12},"end":{"line":27,"column":null}},"9":{"start":{"line":30,"column":24},"end":{"line":35,"column":null}},"10":{"start":{"line":37,"column":31},"end":{"line":37,"column":null}},"11":{"start":{"line":39,"column":8},"end":{"line":43,"column":null}},"12":{"start":{"line":45,"column":8},"end":{"line":45,"column":null}},"13":{"start":{"line":13,"column":13},"end":{"line":13,"column":60}}},"fnMap":{"0":{"name":"(anonymous_0)","decl":{"start":{"line":14,"column":4},"end":{"line":14,"column":null}},"loc":{"start":{"line":18,"column":6},"end":{"line":18,"column":null}},"line":18},"1":{"name":"(anonymous_1)","decl":{"start":{"line":20,"column":10},"end":{"line":20,"column":18}},"loc":{"start":{"line":20,"column":67},"end":{"line":46,"column":null}},"line":20}},"branchMap":{"0":{"loc":{"start":{"line":25,"column":8},"end":{"line":28,"column":null}},"type":"if","locations":[{"start":{"line":25,"column":8},"end":{"line":28,"column":null}},{"start":{},"end":{}}],"line":25},"1":{"loc":{"start":{"line":33,"column":25},"end":{"line":33,"column":null}},"type":"binary-expr","locations":[{"start":{"line":33,"column":25},"end":{"line":33,"column":48}},{"start":{"line":33,"column":48},"end":{"line":33,"column":null}}],"line":33}},"s":{"0":1,"1":1,"2":1,"3":1,"4":2,"5":2,"6":2,"7":1,"8":1,"9":1,"10":2,"11":1,"12":1,"13":1},"f":{"0":1,"1":2},"b":{"0":[1,1],"1":[1,0]},"meta":{"lastBranch":2,"lastFunction":2,"lastStatement":14,"seen":{"s:13:7:47:Infinity":0,"f:14:4:14:Infinity":0,"s:15:47:15:Infinity":1,"s:16:58:16:Infinity":2,"s:17:66:17:Infinity":3,"f:20:10:20:18":1,"s:21:8:21:Infinity":4,"s:23:25:23:Infinity":5,"b:25:8:28:Infinity:undefined:undefined:undefined:undefined":0,"s:25:8:28:Infinity":6,"s:26:12:26:Infinity":7,"s:27:12:27:Infinity":8,"s:30:24:35:Infinity":9,"b:33:25:33:48:33:48:33:Infinity":1,"s:37:31:37:Infinity":10,"s:39:8:43:Infinity":11,"s:45:8:45:Infinity":12,"s:13:13:13:60":13}}}
,"/home/gabriel/Desktop/fast-food/src/application/use-cases/product/delete-product/delete-product.ts": {"path":"/home/gabriel/Desktop/fast-food/src/application/use-cases/product/delete-product/delete-product.ts","statementMap":{"0":{"start":{"line":10,"column":7},"end":{"line":30,"column":null}},"1":{"start":{"line":12,"column":47},"end":{"line":12,"column":null}},"2":{"start":{"line":13,"column":58},"end":{"line":13,"column":null}},"3":{"start":{"line":17,"column":8},"end":{"line":17,"column":null}},"4":{"start":{"line":19,"column":24},"end":{"line":19,"column":null}},"5":{"start":{"line":21,"column":8},"end":{"line":24,"column":null}},"6":{"start":{"line":22,"column":12},"end":{"line":22,"column":null}},"7":{"start":{"line":23,"column":12},"end":{"line":23,"column":null}},"8":{"start":{"line":26,"column":8},"end":{"line":26,"column":null}},"9":{"start":{"line":28,"column":8},"end":{"line":28,"column":null}},"10":{"start":{"line":10,"column":13},"end":{"line":10,"column":60}}},"fnMap":{"0":{"name":"(anonymous_0)","decl":{"start":{"line":11,"column":4},"end":{"line":11,"column":null}},"loc":{"start":{"line":14,"column":6},"end":{"line":14,"column":null}},"line":14},"1":{"name":"(anonymous_1)","decl":{"start":{"line":16,"column":10},"end":{"line":16,"column":18}},"loc":{"start":{"line":16,"column":45},"end":{"line":29,"column":null}},"line":16}},"branchMap":{"0":{"loc":{"start":{"line":21,"column":8},"end":{"line":24,"column":null}},"type":"if","locations":[{"start":{"line":21,"column":8},"end":{"line":24,"column":null}},{"start":{},"end":{}}],"line":21}},"s":{"0":1,"1":1,"2":1,"3":2,"4":2,"5":2,"6":1,"7":1,"8":1,"9":1,"10":1},"f":{"0":1,"1":2},"b":{"0":[1,1]},"meta":{"lastBranch":1,"lastFunction":2,"lastStatement":11,"seen":{"s:10:7:30:Infinity":0,"f:11:4:11:Infinity":0,"s:12:47:12:Infinity":1,"s:13:58:13:Infinity":2,"f:16:10:16:18":1,"s:17:8:17:Infinity":3,"s:19:24:19:Infinity":4,"b:21:8:24:Infinity:undefined:undefined:undefined:undefined":0,"s:21:8:24:Infinity":5,"s:22:12:22:Infinity":6,"s:23:12:23:Infinity":7,"s:26:8:26:Infinity":8,"s:28:8:28:Infinity":9,"s:10:13:10:60":10}}}
,"/home/gabriel/Desktop/fast-food/src/application/use-cases/product/find-many-products/find-many-products.ts": {"path":"/home/gabriel/Desktop/fast-food/src/application/use-cases/product/find-many-products/find-many-products.ts","statementMap":{"0":{"start":{"line":10,"column":7},"end":{"line":34,"column":null}},"1":{"start":{"line":12,"column":47},"end":{"line":12,"column":null}},"2":{"start":{"line":13,"column":58},"end":{"line":13,"column":null}},"3":{"start":{"line":17,"column":8},"end":{"line":17,"column":null}},"4":{"start":{"line":19,"column":25},"end":{"line":19,"column":null}},"5":{"start":{"line":21,"column":8},"end":{"line":24,"column":null}},"6":{"start":{"line":26,"column":8},"end":{"line":30,"column":null}},"7":{"start":{"line":27,"column":29},"end":{"line":27,"column":null}},"8":{"start":{"line":27,"column":47},"end":{"line":27,"column":51}},"9":{"start":{"line":28,"column":32},"end":{"line":28,"column":null}},"10":{"start":{"line":28,"column":49},"end":{"line":28,"column":71}},"11":{"start":{"line":29,"column":12},"end":{"line":29,"column":null}},"12":{"start":{"line":32,"column":8},"end":{"line":32,"column":null}},"13":{"start":{"line":10,"column":13},"end":{"line":10,"column":66}}},"fnMap":{"0":{"name":"(anonymous_0)","decl":{"start":{"line":11,"column":4},"end":{"line":11,"column":null}},"loc":{"start":{"line":14,"column":6},"end":{"line":14,"column":null}},"line":14},"1":{"name":"(anonymous_1)","decl":{"start":{"line":16,"column":10},"end":{"line":16,"column":18}},"loc":{"start":{"line":16,"column":53},"end":{"line":33,"column":null}},"line":16},"2":{"name":"(anonymous_2)","decl":{"start":{"line":27,"column":42},"end":{"line":27,"column":47}},"loc":{"start":{"line":27,"column":47},"end":{"line":27,"column":51}},"line":27},"3":{"name":"(anonymous_3)","decl":{"start":{"line":28,"column":43},"end":{"line":28,"column":49}},"loc":{"start":{"line":28,"column":49},"end":{"line":28,"column":71}},"line":28}},"branchMap":{"0":{"loc":{"start":{"line":26,"column":8},"end":{"line":30,"column":null}},"type":"if","locations":[{"start":{"line":26,"column":8},"end":{"line":30,"column":null}},{"start":{},"end":{}}],"line":26}},"s":{"0":1,"1":1,"2":1,"3":2,"4":2,"5":2,"6":2,"7":1,"8":1,"9":1,"10":2,"11":1,"12":2,"13":1},"f":{"0":1,"1":2,"2":1,"3":2},"b":{"0":[1,1]},"meta":{"lastBranch":1,"lastFunction":4,"lastStatement":14,"seen":{"s:10:7:34:Infinity":0,"f:11:4:11:Infinity":0,"s:12:47:12:Infinity":1,"s:13:58:13:Infinity":2,"f:16:10:16:18":1,"s:17:8:17:Infinity":3,"s:19:25:19:Infinity":4,"s:21:8:24:Infinity":5,"b:26:8:30:Infinity:undefined:undefined:undefined:undefined":0,"s:26:8:30:Infinity":6,"s:27:29:27:Infinity":7,"f:27:42:27:47":2,"s:27:47:27:51":8,"s:28:32:28:Infinity":9,"f:28:43:28:49":3,"s:28:49:28:71":10,"s:29:12:29:Infinity":11,"s:32:8:32:Infinity":12,"s:10:13:10:66":13}}}
,"/home/gabriel/Desktop/fast-food/src/application/use-cases/product/get-product/get-product.ts": {"path":"/home/gabriel/Desktop/fast-food/src/application/use-cases/product/get-product/get-product.ts","statementMap":{"0":{"start":{"line":11,"column":7},"end":{"line":35,"column":null}},"1":{"start":{"line":13,"column":47},"end":{"line":13,"column":null}},"2":{"start":{"line":14,"column":58},"end":{"line":14,"column":null}},"3":{"start":{"line":18,"column":8},"end":{"line":18,"column":null}},"4":{"start":{"line":20,"column":24},"end":{"line":20,"column":null}},"5":{"start":{"line":22,"column":8},"end":{"line":25,"column":null}},"6":{"start":{"line":23,"column":12},"end":{"line":23,"column":null}},"7":{"start":{"line":24,"column":12},"end":{"line":24,"column":null}},"8":{"start":{"line":27,"column":8},"end":{"line":31,"column":null}},"9":{"start":{"line":33,"column":8},"end":{"line":33,"column":null}},"10":{"start":{"line":11,"column":13},"end":{"line":11,"column":54}}},"fnMap":{"0":{"name":"(anonymous_0)","decl":{"start":{"line":12,"column":4},"end":{"line":12,"column":null}},"loc":{"start":{"line":15,"column":6},"end":{"line":15,"column":null}},"line":15},"1":{"name":"(anonymous_1)","decl":{"start":{"line":17,"column":10},"end":{"line":17,"column":18}},"loc":{"start":{"line":17,"column":48},"end":{"line":34,"column":null}},"line":17}},"branchMap":{"0":{"loc":{"start":{"line":22,"column":8},"end":{"line":25,"column":null}},"type":"if","locations":[{"start":{"line":22,"column":8},"end":{"line":25,"column":null}},{"start":{},"end":{}}],"line":22}},"s":{"0":1,"1":1,"2":1,"3":2,"4":2,"5":2,"6":1,"7":1,"8":1,"9":1,"10":1},"f":{"0":1,"1":2},"b":{"0":[1,1]},"meta":{"lastBranch":1,"lastFunction":2,"lastStatement":11,"seen":{"s:11:7:35:Infinity":0,"f:12:4:12:Infinity":0,"s:13:47:13:Infinity":1,"s:14:58:14:Infinity":2,"f:17:10:17:18":1,"s:18:8:18:Infinity":3,"s:20:24:20:Infinity":4,"b:22:8:25:Infinity:undefined:undefined:undefined:undefined":0,"s:22:8:25:Infinity":5,"s:23:12:23:Infinity":6,"s:24:12:24:Infinity":7,"s:27:8:31:Infinity":8,"s:33:8:33:Infinity":9,"s:11:13:11:54":10}}}
,"/home/gabriel/Desktop/fast-food/src/application/use-cases/product/list-product/list-product.ts": {"path":"/home/gabriel/Desktop/fast-food/src/application/use-cases/product/list-product/list-product.ts","statementMap":{"0":{"start":{"line":11,"column":7},"end":{"line":26,"column":null}},"1":{"start":{"line":13,"column":47},"end":{"line":13,"column":null}},"2":{"start":{"line":14,"column":58},"end":{"line":14,"column":null}},"3":{"start":{"line":18,"column":8},"end":{"line":18,"column":null}},"4":{"start":{"line":20,"column":25},"end":{"line":20,"column":null}},"5":{"start":{"line":22,"column":8},"end":{"line":22,"column":null}},"6":{"start":{"line":24,"column":8},"end":{"line":24,"column":null}},"7":{"start":{"line":11,"column":13},"end":{"line":11,"column":56}}},"fnMap":{"0":{"name":"(anonymous_0)","decl":{"start":{"line":12,"column":4},"end":{"line":12,"column":null}},"loc":{"start":{"line":15,"column":6},"end":{"line":15,"column":null}},"line":15},"1":{"name":"(anonymous_1)","decl":{"start":{"line":17,"column":10},"end":{"line":17,"column":18}},"loc":{"start":{"line":17,"column":67},"end":{"line":25,"column":null}},"line":17}},"branchMap":{},"s":{"0":1,"1":1,"2":1,"3":3,"4":3,"5":3,"6":3,"7":1},"f":{"0":1,"1":3},"b":{},"meta":{"lastBranch":0,"lastFunction":2,"lastStatement":8,"seen":{"s:11:7:26:Infinity":0,"f:12:4:12:Infinity":0,"s:13:47:13:Infinity":1,"s:14:58:14:Infinity":2,"f:17:10:17:18":1,"s:18:8:18:Infinity":3,"s:20:25:20:Infinity":4,"s:22:8:22:Infinity":5,"s:24:8:24:Infinity":6,"s:11:13:11:56":7}}}
,"/home/gabriel/Desktop/fast-food/src/application/use-cases/product/update-product/update-product.ts": {"path":"/home/gabriel/Desktop/fast-food/src/application/use-cases/product/update-product/update-product.ts","statementMap":{"0":{"start":{"line":14,"column":7},"end":{"line":69,"column":null}},"1":{"start":{"line":16,"column":47},"end":{"line":16,"column":null}},"2":{"start":{"line":17,"column":58},"end":{"line":17,"column":null}},"3":{"start":{"line":18,"column":66},"end":{"line":18,"column":null}},"4":{"start":{"line":22,"column":8},"end":{"line":22,"column":null}},"5":{"start":{"line":24,"column":24},"end":{"line":24,"column":null}},"6":{"start":{"line":25,"column":25},"end":{"line":25,"column":null}},"7":{"start":{"line":27,"column":30},"end":{"line":32,"column":null}},"8":{"start":{"line":33,"column":23},"end":{"line":33,"column":null}},"9":{"start":{"line":35,"column":8},"end":{"line":39,"column":null}},"10":{"start":{"line":41,"column":8},"end":{"line":41,"column":null}},"11":{"start":{"line":45,"column":24},"end":{"line":45,"column":null}},"12":{"start":{"line":47,"column":8},"end":{"line":50,"column":null}},"13":{"start":{"line":48,"column":12},"end":{"line":48,"column":null}},"14":{"start":{"line":49,"column":12},"end":{"line":49,"column":null}},"15":{"start":{"line":52,"column":8},"end":{"line":52,"column":null}},"16":{"start":{"line":56,"column":8},"end":{"line":58,"column":null}},"17":{"start":{"line":57,"column":12},"end":{"line":57,"column":null}},"18":{"start":{"line":60,"column":25},"end":{"line":60,"column":null}},"19":{"start":{"line":62,"column":8},"end":{"line":65,"column":null}},"20":{"start":{"line":63,"column":12},"end":{"line":63,"column":null}},"21":{"start":{"line":64,"column":12},"end":{"line":64,"column":null}},"22":{"start":{"line":67,"column":8},"end":{"line":67,"column":null}},"23":{"start":{"line":14,"column":13},"end":{"line":14,"column":60}}},"fnMap":{"0":{"name":"(anonymous_0)","decl":{"start":{"line":15,"column":4},"end":{"line":15,"column":null}},"loc":{"start":{"line":19,"column":6},"end":{"line":19,"column":null}},"line":19},"1":{"name":"(anonymous_1)","decl":{"start":{"line":21,"column":10},"end":{"line":21,"column":18}},"loc":{"start":{"line":21,"column":79},"end":{"line":42,"column":null}},"line":21},"2":{"name":"(anonymous_2)","decl":{"start":{"line":44,"column":18},"end":{"line":44,"column":36}},"loc":{"start":{"line":44,"column":66},"end":{"line":53,"column":null}},"line":44},"3":{"name":"(anonymous_3)","decl":{"start":{"line":55,"column":18},"end":{"line":55,"column":44}},"loc":{"start":{"line":55,"column":98},"end":{"line":68,"column":null}},"line":55}},"branchMap":{"0":{"loc":{"start":{"line":28,"column":18},"end":{"line":28,"column":null}},"type":"binary-expr","locations":[{"start":{"line":28,"column":18},"end":{"line":28,"column":34}},{"start":{"line":28,"column":34},"end":{"line":28,"column":null}}],"line":28},"1":{"loc":{"start":{"line":29,"column":19},"end":{"line":29,"column":null}},"type":"binary-expr","locations":[{"start":{"line":29,"column":19},"end":{"line":29,"column":36}},{"start":{"line":29,"column":36},"end":{"line":29,"column":null}}],"line":29},"2":{"loc":{"start":{"line":30,"column":25},"end":{"line":30,"column":null}},"type":"binary-expr","locations":[{"start":{"line":30,"column":25},"end":{"line":30,"column":48}},{"start":{"line":30,"column":48},"end":{"line":30,"column":null}}],"line":30},"3":{"loc":{"start":{"line":31,"column":22},"end":{"line":31,"column":null}},"type":"binary-expr","locations":[{"start":{"line":31,"column":22},"end":{"line":31,"column":34}},{"start":{"line":31,"column":34},"end":{"line":31,"column":null}}],"line":31},"4":{"loc":{"start":{"line":47,"column":8},"end":{"line":50,"column":null}},"type":"if","locations":[{"start":{"line":47,"column":8},"end":{"line":50,"column":null}},{"start":{},"end":{}}],"line":47},"5":{"loc":{"start":{"line":56,"column":8},"end":{"line":58,"column":null}},"type":"if","locations":[{"start":{"line":56,"column":8},"end":{"line":58,"column":null}},{"start":{},"end":{}}],"line":56},"6":{"loc":{"start":{"line":62,"column":8},"end":{"line":65,"column":null}},"type":"if","locations":[{"start":{"line":62,"column":8},"end":{"line":65,"column":null}},{"start":{},"end":{}}],"line":62}},"s":{"0":1,"1":1,"2":1,"3":1,"4":4,"5":4,"6":3,"7":2,"8":4,"9":2,"10":2,"11":4,"12":4,"13":1,"14":1,"15":3,"16":3,"17":1,"18":2,"19":2,"20":1,"21":1,"22":1,"23":1},"f":{"0":1,"1":4,"2":4,"3":3},"b":{"0":[2,1],"1":[4,2],"2":[4,2],"3":[4,1],"4":[1,3],"5":[1,2],"6":[1,1]},"meta":{"lastBranch":7,"lastFunction":4,"lastStatement":24,"seen":{"s:14:7:69:Infinity":0,"f:15:4:15:Infinity":0,"s:16:47:16:Infinity":1,"s:17:58:17:Infinity":2,"s:18:66:18:Infinity":3,"f:21:10:21:18":1,"s:22:8:22:Infinity":4,"s:24:24:24:Infinity":5,"s:25:25:25:Infinity":6,"s:27:30:32:Infinity":7,"b:28:18:28:34:28:34:28:Infinity":0,"b:29:19:29:36:29:36:29:Infinity":1,"b:30:25:30:48:30:48:30:Infinity":2,"b:31:22:31:34:31:34:31:Infinity":3,"s:33:23:33:Infinity":8,"s:35:8:39:Infinity":9,"s:41:8:41:Infinity":10,"f:44:18:44:36":2,"s:45:24:45:Infinity":11,"b:47:8:50:Infinity:undefined:undefined:undefined:undefined":4,"s:47:8:50:Infinity":12,"s:48:12:48:Infinity":13,"s:49:12:49:Infinity":14,"s:52:8:52:Infinity":15,"f:55:18:55:44":3,"b:56:8:58:Infinity:undefined:undefined:undefined:undefined":5,"s:56:8:58:Infinity":16,"s:57:12:57:Infinity":17,"s:60:25:60:Infinity":18,"b:62:8:65:Infinity:undefined:undefined:undefined:undefined":6,"s:62:8:65:Infinity":19,"s:63:12:63:Infinity":20,"s:64:12:64:Infinity":21,"s:67:8:67:Infinity":22,"s:14:13:14:60":23}}}
,"/home/gabriel/Desktop/fast-food/src/domain/errors.ts": {"path":"/home/gabriel/Desktop/fast-food/src/domain/errors.ts","statementMap":{"0":{"start":{"line":7,"column":8},"end":{"line":7,"column":null}},"1":{"start":{"line":3,"column":15},"end":{"line":3,"column":33}},"2":{"start":{"line":4,"column":15},"end":{"line":4,"column":28}},"3":{"start":{"line":5,"column":15},"end":{"line":5,"column":22}},"4":{"start":{"line":13,"column":8},"end":{"line":13,"column":null}},"5":{"start":{"line":19,"column":8},"end":{"line":19,"column":null}},"6":{"start":{"line":25,"column":8},"end":{"line":25,"column":null}},"7":{"start":{"line":34,"column":8},"end":{"line":34,"column":null}},"8":{"start":{"line":32,"column":24},"end":{"line":32,"column":null}},"9":{"start":{"line":35,"column":8},"end":{"line":35,"column":null}},"10":{"start":{"line":41,"column":8},"end":{"line":41,"column":null}}},"fnMap":{"0":{"name":"(anonymous_0)","decl":{"start":{"line":2,"column":4},"end":{"line":2,"column":null}},"loc":{"start":{"line":6,"column":6},"end":{"line":8,"column":null}},"line":6},"1":{"name":"(anonymous_1)","decl":{"start":{"line":12,"column":4},"end":{"line":12,"column":16}},"loc":{"start":{"line":12,"column":67},"end":{"line":14,"column":null}},"line":12},"2":{"name":"(anonymous_2)","decl":{"start":{"line":18,"column":4},"end":{"line":18,"column":16}},"loc":{"start":{"line":18,"column":47},"end":{"line":20,"column":null}},"line":18},"3":{"name":"(anonymous_3)","decl":{"start":{"line":24,"column":4},"end":{"line":24,"column":16}},"loc":{"start":{"line":24,"column":47},"end":{"line":26,"column":null}},"line":24},"4":{"name":"(anonymous_4)","decl":{"start":{"line":30,"column":4},"end":{"line":30,"column":null}},"loc":{"start":{"line":33,"column":6},"end":{"line":36,"column":null}},"line":33},"5":{"name":"(anonymous_5)","decl":{"start":{"line":40,"column":4},"end":{"line":40,"column":16}},"loc":{"start":{"line":40,"column":51},"end":{"line":42,"column":null}},"line":40}},"branchMap":{"0":{"loc":{"start":{"line":3,"column":15},"end":{"line":3,"column":null}},"type":"default-arg","locations":[{"start":{"line":3,"column":33},"end":{"line":3,"column":null}}],"line":3},"1":{"loc":{"start":{"line":4,"column":15},"end":{"line":4,"column":null}},"type":"default-arg","locations":[{"start":{"line":4,"column":28},"end":{"line":4,"column":null}}],"line":4},"2":{"loc":{"start":{"line":5,"column":15},"end":{"line":5,"column":null}},"type":"default-arg","locations":[{"start":{"line":5,"column":22},"end":{"line":5,"column":null}}],"line":5},"3":{"loc":{"start":{"line":12,"column":36},"end":{"line":12,"column":67}},"type":"default-arg","locations":[{"start":{"line":12,"column":46},"end":{"line":12,"column":67}}],"line":12},"4":{"loc":{"start":{"line":18,"column":16},"end":{"line":18,"column":47}},"type":"default-arg","locations":[{"start":{"line":18,"column":26},"end":{"line":18,"column":47}}],"line":18},"5":{"loc":{"start":{"line":24,"column":16},"end":{"line":24,"column":47}},"type":"default-arg","locations":[{"start":{"line":24,"column":26},"end":{"line":24,"column":47}}],"line":24},"6":{"loc":{"start":{"line":40,"column":16},"end":{"line":40,"column":51}},"type":"default-arg","locations":[{"start":{"line":40,"column":26},"end":{"line":40,"column":51}}],"line":40}},"s":{"0":13,"1":13,"2":13,"3":13,"4":0,"5":10,"6":3,"7":0,"8":0,"9":0,"10":0},"f":{"0":13,"1":0,"2":10,"3":3,"4":0,"5":0},"b":{"0":[13],"1":[13],"2":[13],"3":[0],"4":[10],"5":[3],"6":[0]},"meta":{"lastBranch":7,"lastFunction":6,"lastStatement":11,"seen":{"f:2:4:2:Infinity":0,"b:3:33:3:Infinity":0,"b:4:28:4:Infinity":1,"b:5:22:5:Infinity":2,"s:7:8:7:Infinity":0,"s:3:15:3:33":1,"s:4:15:4:28":2,"s:5:15:5:22":3,"f:12:4:12:16":1,"b:12:46:12:67":3,"s:13:8:13:Infinity":4,"f:18:4:18:16":2,"b:18:26:18:47":4,"s:19:8:19:Infinity":5,"f:24:4:24:16":3,"b:24:26:24:47":5,"s:25:8:25:Infinity":6,"f:30:4:30:Infinity":4,"s:34:8:34:Infinity":7,"s:32:24:32:Infinity":8,"s:35:8:35:Infinity":9,"f:40:4:40:16":5,"b:40:26:40:51":6,"s:41:8:41:Infinity":10}}}
,"/home/gabriel/Desktop/fast-food/src/domain/entities/client.entity.ts": {"path":"/home/gabriel/Desktop/fast-food/src/domain/entities/client.entity.ts","statementMap":{"0":{"start":{"line":17,"column":8},"end":{"line":17,"column":null}},"1":{"start":{"line":18,"column":8},"end":{"line":18,"column":null}},"2":{"start":{"line":19,"column":8},"end":{"line":19,"column":null}},"3":{"start":{"line":20,"column":8},"end":{"line":20,"column":null}}},"fnMap":{"0":{"name":"(anonymous_0)","decl":{"start":{"line":16,"column":4},"end":{"line":16,"column":16}},"loc":{"start":{"line":16,"column":40},"end":{"line":21,"column":null}},"line":16}},"branchMap":{"0":{"loc":{"start":{"line":17,"column":18},"end":{"line":17,"column":null}},"type":"binary-expr","locations":[{"start":{"line":17,"column":18},"end":{"line":17,"column":32}},{"start":{"line":17,"column":26},"end":{"line":17,"column":null}}],"line":17}},"s":{"0":13,"1":13,"2":13,"3":13},"f":{"0":13},"b":{"0":[13,2]},"meta":{"lastBranch":1,"lastFunction":1,"lastStatement":4,"seen":{"f:16:4:16:16":0,"s:17:8:17:Infinity":0,"b:17:18:17:32:17:26:17:Infinity":0,"s:18:8:18:Infinity":1,"s:19:8:19:Infinity":2,"s:20:8:20:Infinity":3}}}
,"/home/gabriel/Desktop/fast-food/src/domain/entities/product-category.entity.ts": {"path":"/home/gabriel/Desktop/fast-food/src/domain/entities/product-category.entity.ts","statementMap":{"0":{"start":{"line":17,"column":8},"end":{"line":17,"column":null}},"1":{"start":{"line":18,"column":8},"end":{"line":18,"column":null}},"2":{"start":{"line":19,"column":8},"end":{"line":21,"column":null}},"3":{"start":{"line":20,"column":12},"end":{"line":20,"column":null}}},"fnMap":{"0":{"name":"(anonymous_0)","decl":{"start":{"line":16,"column":4},"end":{"line":16,"column":16}},"loc":{"start":{"line":16,"column":49},"end":{"line":22,"column":null}},"line":16}},"branchMap":{"0":{"loc":{"start":{"line":17,"column":18},"end":{"line":17,"column":null}},"type":"binary-expr","locations":[{"start":{"line":17,"column":18},"end":{"line":17,"column":32}},{"start":{"line":17,"column":26},"end":{"line":17,"column":null}}],"line":17},"1":{"loc":{"start":{"line":19,"column":8},"end":{"line":21,"column":null}},"type":"if","locations":[{"start":{"line":19,"column":8},"end":{"line":21,"column":null}},{"start":{},"end":{}}],"line":19}},"s":{"0":17,"1":17,"2":17,"3":1},"f":{"0":17},"b":{"0":[17,0],"1":[1,16]},"meta":{"lastBranch":2,"lastFunction":1,"lastStatement":4,"seen":{"f:16:4:16:16":0,"s:17:8:17:Infinity":0,"b:17:18:17:32:17:26:17:Infinity":0,"s:18:8:18:Infinity":1,"b:19:8:21:Infinity:undefined:undefined:undefined:undefined":1,"s:19:8:21:Infinity":2,"s:20:12:20:Infinity":3}}}
,"/home/gabriel/Desktop/fast-food/src/domain/entities/product.entity.ts": {"path":"/home/gabriel/Desktop/fast-food/src/domain/entities/product.entity.ts","statementMap":{"0":{"start":{"line":21,"column":8},"end":{"line":21,"column":null}},"1":{"start":{"line":22,"column":8},"end":{"line":22,"column":null}},"2":{"start":{"line":23,"column":8},"end":{"line":23,"column":null}},"3":{"start":{"line":24,"column":8},"end":{"line":24,"column":null}},"4":{"start":{"line":25,"column":8},"end":{"line":25,"column":null}}},"fnMap":{"0":{"name":"(anonymous_0)","decl":{"start":{"line":20,"column":4},"end":{"line":20,"column":16}},"loc":{"start":{"line":20,"column":41},"end":{"line":26,"column":null}},"line":20}},"branchMap":{"0":{"loc":{"start":{"line":21,"column":18},"end":{"line":21,"column":null}},"type":"binary-expr","locations":[{"start":{"line":21,"column":18},"end":{"line":21,"column":32}},{"start":{"line":21,"column":26},"end":{"line":21,"column":null}}],"line":21},"1":{"loc":{"start":{"line":24,"column":27},"end":{"line":24,"column":null}},"type":"binary-expr","locations":[{"start":{"line":24,"column":27},"end":{"line":24,"column":50}},{"start":{"line":24,"column":50},"end":{"line":24,"column":null}}],"line":24}},"s":{"0":18,"1":18,"2":18,"3":18,"4":18},"f":{"0":18},"b":{"0":[18,4],"1":[18,1]},"meta":{"lastBranch":2,"lastFunction":1,"lastStatement":5,"seen":{"f:20:4:20:16":0,"s:21:8:21:Infinity":0,"b:21:18:21:32:21:26:21:Infinity":0,"s:22:8:22:Infinity":1,"s:23:8:23:Infinity":2,"s:24:8:24:Infinity":3,"b:24:27:24:50:24:50:24:Infinity":1,"s:25:8:25:Infinity":4}}}
,"/home/gabriel/Desktop/fast-food/src/infrastructure/config/di/types.ts": {"path":"/home/gabriel/Desktop/fast-food/src/infrastructure/config/di/types.ts","statementMap":{"0":{"start":{"line":1,"column":21},"end":{"line":34,"column":null}}},"fnMap":{},"branchMap":{},"s":{"0":13},"f":{},"b":{},"meta":{"lastBranch":0,"lastFunction":0,"lastStatement":1,"seen":{"s:1:21:34:Infinity":0}}}
,"/home/gabriel/Desktop/fast-food/src/infrastructure/repositories/prisma/mappers/prisma-client.mapper.ts": {"path":"/home/gabriel/Desktop/fast-food/src/infrastructure/repositories/prisma/mappers/prisma-client.mapper.ts","statementMap":{"0":{"start":{"line":7,"column":8},"end":{"line":12,"column":null}},"1":{"start":{"line":16,"column":8},"end":{"line":20,"column":null}},"2":{"start":{"line":24,"column":8},"end":{"line":28,"column":null}}},"fnMap":{"0":{"name":"(anonymous_0)","decl":{"start":{"line":6,"column":11},"end":{"line":6,"column":20}},"loc":{"start":{"line":6,"column":48},"end":{"line":13,"column":null}},"line":6},"1":{"name":"(anonymous_1)","decl":{"start":{"line":15,"column":11},"end":{"line":15,"column":20}},"loc":{"start":{"line":15,"column":60},"end":{"line":21,"column":null}},"line":15},"2":{"name":"(anonymous_2)","decl":{"start":{"line":23,"column":11},"end":{"line":23,"column":20}},"loc":{"start":{"line":23,"column":60},"end":{"line":29,"column":null}},"line":23}},"branchMap":{},"s":{"0":1,"1":1,"2":1},"f":{"0":1,"1":1,"2":1},"b":{},"meta":{"lastBranch":0,"lastFunction":3,"lastStatement":3,"seen":{"f:6:11:6:20":0,"s:7:8:12:Infinity":0,"f:15:11:15:20":1,"s:16:8:20:Infinity":1,"f:23:11:23:20":2,"s:24:8:28:Infinity":2}}}
,"/home/gabriel/Desktop/fast-food/src/infrastructure/repositories/prisma/mappers/prisma-product-category.mapper.ts": {"path":"/home/gabriel/Desktop/fast-food/src/infrastructure/repositories/prisma/mappers/prisma-product-category.mapper.ts","statementMap":{"0":{"start":{"line":12,"column":8},"end":{"line":18,"column":null}},"1":{"start":{"line":16,"column":62},"end":{"line":16,"column":99}}},"fnMap":{"0":{"name":"(anonymous_0)","decl":{"start":{"line":11,"column":11},"end":{"line":11,"column":20}},"loc":{"start":{"line":11,"column":78},"end":{"line":19,"column":null}},"line":11},"1":{"name":"(anonymous_1)","decl":{"start":{"line":16,"column":44},"end":{"line":16,"column":45}},"loc":{"start":{"line":16,"column":62},"end":{"line":16,"column":99}},"line":16}},"branchMap":{"0":{"loc":{"start":{"line":15,"column":16},"end":{"line":17,"column":null}},"type":"binary-expr","locations":[{"start":{"line":15,"column":16},"end":{"line":15,"column":33}},{"start":{"line":15,"column":33},"end":{"line":17,"column":null}}],"line":15}},"s":{"0":3,"1":2},"f":{"0":2,"1":2},"b":{"0":[3,1]},"meta":{"lastBranch":1,"lastFunction":2,"lastStatement":2,"seen":{"f:11:11:11:20":0,"s:12:8:18:Infinity":0,"b:15:16:15:33:15:33:17:Infinity":0,"f:16:44:16:45":1,"s:16:62:16:99":1}}}
,"/home/gabriel/Desktop/fast-food/src/infrastructure/repositories/prisma/mappers/prisma-product.mapper.ts": {"path":"/home/gabriel/Desktop/fast-food/src/infrastructure/repositories/prisma/mappers/prisma-product.mapper.ts","statementMap":{"0":{"start":{"line":12,"column":8},"end":{"line":20,"column":null}},"1":{"start":{"line":24,"column":8},"end":{"line":31,"column":null}},"2":{"start":{"line":35,"column":8},"end":{"line":42,"column":null}}},"fnMap":{"0":{"name":"(anonymous_0)","decl":{"start":{"line":11,"column":11},"end":{"line":11,"column":20}},"loc":{"start":{"line":11,"column":62},"end":{"line":21,"column":null}},"line":11},"1":{"name":"(anonymous_1)","decl":{"start":{"line":23,"column":11},"end":{"line":23,"column":20}},"loc":{"start":{"line":23,"column":62},"end":{"line":32,"column":null}},"line":23},"2":{"name":"(anonymous_2)","decl":{"start":{"line":34,"column":11},"end":{"line":34,"column":20}},"loc":{"start":{"line":34,"column":62},"end":{"line":43,"column":null}},"line":34}},"branchMap":{"0":{"loc":{"start":{"line":17,"column":16},"end":{"line":19,"column":null}},"type":"binary-expr","locations":[{"start":{"line":17,"column":16},"end":{"line":17,"column":33}},{"start":{"line":17,"column":33},"end":{"line":19,"column":null}}],"line":17}},"s":{"0":4,"1":1,"2":1},"f":{"0":2,"1":2,"2":2},"b":{"0":[4,1]},"meta":{"lastBranch":1,"lastFunction":3,"lastStatement":3,"seen":{"f:11:11:11:20":0,"s:12:8:20:Infinity":0,"b:17:16:17:33:17:33:19:Infinity":0,"f:23:11:23:20":1,"s:24:8:31:Infinity":1,"f:34:11:34:20":2,"s:35:8:42:Infinity":2}}}
}
