TN:
SF:src/application/use-cases/client/create-client/create-client.ts
FN:13,(anonymous_0)
FN:18,(anonymous_1)
FNF:2
FNH:2
FNDA:1,(anonymous_0)
FNDA:2,(anonymous_1)
DA:12,1
DA:14,1
DA:15,1
DA:19,2
DA:21,2
DA:23,2
DA:24,1
DA:25,1
DA:29,1
DA:31,1
DA:37,1
DA:39,1
DA:41,1
LF:13
LH:13
BRDA:23,0,0,1
BRDA:23,0,1,1
BRDA:24,1,0,1
BRDA:24,1,1,0
BRF:4
BRH:3
end_of_record
TN:
SF:src/application/use-cases/client/delete-client/delete-client.ts
FN:11,(anonymous_0)
FN:16,(anonymous_1)
FNF:2
FNH:2
FNDA:1,(anonymous_0)
FNDA:2,(anonymous_1)
DA:10,1
DA:12,1
DA:13,1
DA:17,2
DA:19,2
DA:21,2
DA:22,1
DA:23,1
DA:26,1
DA:28,1
LF:10
LH:10
BRDA:21,0,0,1
BRDA:21,0,1,1
BRF:2
BRH:2
end_of_record
TN:
SF:src/application/use-cases/client/get-client-by-cpf/get-client-by-cpf.ts
FN:12,(anonymous_0)
FN:17,(anonymous_1)
FNF:2
FNH:2
FNDA:1,(anonymous_0)
FNDA:2,(anonymous_1)
DA:11,1
DA:13,1
DA:14,1
DA:18,2
DA:20,2
DA:22,2
DA:23,1
DA:24,1
DA:27,1
DA:29,1
LF:10
LH:10
BRDA:22,0,0,1
BRDA:22,0,1,1
BRF:2
BRH:2
end_of_record
TN:
SF:src/application/use-cases/client/get-client-by-id/get-client-by-id.ts
FN:12,(anonymous_0)
FN:17,(anonymous_1)
FNF:2
FNH:2
FNDA:1,(anonymous_0)
FNDA:2,(anonymous_1)
DA:11,1
DA:13,1
DA:14,1
DA:18,2
DA:20,2
DA:22,2
DA:23,1
DA:24,1
DA:27,1
DA:28,1
LF:10
LH:10
BRDA:22,0,0,1
BRDA:22,0,1,1
BRF:2
BRH:2
end_of_record
TN:
SF:src/application/use-cases/client/update-client/update-client.ts
FN:13,(anonymous_0)
FN:18,(anonymous_1)
FN:37,(anonymous_2)
FN:48,(anonymous_3)
FN:58,(anonymous_4)
FN:67,(anonymous_5)
FNF:6
FNH:6
FNDA:1,(anonymous_0)
FNDA:4,(anonymous_1)
FNDA:4,(anonymous_2)
FNDA:3,(anonymous_3)
FNDA:1,(anonymous_4)
FNDA:1,(anonymous_5)
DA:12,1
DA:14,1
DA:15,1
DA:19,4
DA:21,4
DA:22,3
DA:24,1
DA:30,4
DA:32,1
DA:34,1
DA:38,4
DA:40,4
DA:41,1
DA:42,1
DA:45,3
DA:49,3
DA:50,1
DA:53,2
DA:54,1
DA:59,1
DA:61,1
DA:62,1
DA:63,1
DA:68,1
DA:70,1
DA:71,1
DA:72,1
LF:27
LH:27
BRDA:26,0,0,1
BRDA:26,0,1,0
BRDA:27,1,0,4
BRDA:27,1,1,1
BRDA:28,2,0,4
BRDA:28,2,1,1
BRDA:40,3,0,1
BRDA:40,3,1,3
BRDA:49,4,0,1
BRDA:49,4,1,2
BRDA:49,5,0,3
BRDA:49,5,1,1
BRDA:53,6,0,1
BRDA:53,6,1,1
BRDA:53,7,0,2
BRDA:53,7,1,1
BRDA:61,8,0,1
BRDA:61,8,1,0
BRDA:70,9,0,1
BRDA:70,9,1,0
BRF:20
BRH:17
end_of_record
TN:
SF:src/application/use-cases/product-category/get-product-category/get-product-category.ts
FN:12,(anonymous_0)
FN:17,(anonymous_1)
FNF:2
FNH:2
FNDA:1,(anonymous_0)
FNDA:3,(anonymous_1)
DA:11,1
DA:13,1
DA:14,1
DA:18,3
DA:20,3
DA:21,3
DA:22,1
DA:23,1
DA:26,2
DA:28,2
LF:10
LH:10
BRDA:21,0,0,1
BRDA:21,0,1,2
BRF:2
BRH:2
end_of_record
TN:
SF:src/application/use-cases/product-category/list-product-category/list-product-category.ts
FN:12,(anonymous_0)
FN:17,(anonymous_1)
FNF:2
FNH:2
FNDA:1,(anonymous_0)
FNDA:2,(anonymous_1)
DA:11,1
DA:13,1
DA:14,1
DA:18,2
DA:20,2
DA:22,2
DA:24,2
LF:7
LH:7
BRF:0
BRH:0
end_of_record
TN:
SF:src/application/use-cases/product/create-product/create-product.ts
FN:14,(anonymous_0)
FN:20,(anonymous_1)
FNF:2
FNH:2
FNDA:1,(anonymous_0)
FNDA:2,(anonymous_1)
DA:13,1
DA:15,1
DA:16,1
DA:17,1
DA:21,2
DA:23,2
DA:25,2
DA:26,1
DA:27,1
DA:30,1
DA:37,2
DA:39,1
DA:45,1
LF:13
LH:13
BRDA:25,0,0,1
BRDA:25,0,1,1
BRDA:33,1,0,1
BRDA:33,1,1,0
BRF:4
BRH:3
end_of_record
TN:
SF:src/application/use-cases/product/delete-product/delete-product.ts
FN:11,(anonymous_0)
FN:16,(anonymous_1)
FNF:2
FNH:2
FNDA:1,(anonymous_0)
FNDA:2,(anonymous_1)
DA:10,1
DA:12,1
DA:13,1
DA:17,2
DA:19,2
DA:21,2
DA:22,1
DA:23,1
DA:26,1
DA:28,1
LF:10
LH:10
BRDA:21,0,0,1
BRDA:21,0,1,1
BRF:2
BRH:2
end_of_record
TN:
SF:src/application/use-cases/product/find-many-products/find-many-products.ts
FN:11,(anonymous_0)
FN:16,(anonymous_1)
FN:27,(anonymous_2)
FN:28,(anonymous_3)
FNF:4
FNH:4
FNDA:1,(anonymous_0)
FNDA:2,(anonymous_1)
FNDA:1,(anonymous_2)
FNDA:2,(anonymous_3)
DA:10,1
DA:12,1
DA:13,1
DA:17,2
DA:19,2
DA:21,2
DA:26,2
DA:27,1
DA:28,2
DA:29,1
DA:32,2
LF:11
LH:11
BRDA:26,0,0,1
BRDA:26,0,1,1
BRF:2
BRH:2
end_of_record
TN:
SF:src/application/use-cases/product/get-product/get-product.ts
FN:12,(anonymous_0)
FN:17,(anonymous_1)
FNF:2
FNH:2
FNDA:1,(anonymous_0)
FNDA:2,(anonymous_1)
DA:11,1
DA:13,1
DA:14,1
DA:18,2
DA:20,2
DA:22,2
DA:23,1
DA:24,1
DA:27,1
DA:33,1
LF:10
LH:10
BRDA:22,0,0,1
BRDA:22,0,1,1
BRF:2
BRH:2
end_of_record
TN:
SF:src/application/use-cases/product/list-product/list-product.ts
FN:12,(anonymous_0)
FN:17,(anonymous_1)
FNF:2
FNH:2
FNDA:1,(anonymous_0)
FNDA:3,(anonymous_1)
DA:11,1
DA:13,1
DA:14,1
DA:18,3
DA:20,3
DA:22,3
DA:24,3
LF:7
LH:7
BRF:0
BRH:0
end_of_record
TN:
SF:src/application/use-cases/product/update-product/update-product.ts
FN:15,(anonymous_0)
FN:21,(anonymous_1)
FN:44,(anonymous_2)
FN:55,(anonymous_3)
FNF:4
FNH:4
FNDA:1,(anonymous_0)
FNDA:4,(anonymous_1)
FNDA:4,(anonymous_2)
FNDA:3,(anonymous_3)
DA:14,1
DA:16,1
DA:17,1
DA:18,1
DA:22,4
DA:24,4
DA:25,3
DA:27,2
DA:33,4
DA:35,2
DA:41,2
DA:45,4
DA:47,4
DA:48,1
DA:49,1
DA:52,3
DA:56,3
DA:57,1
DA:60,2
DA:62,2
DA:63,1
DA:64,1
DA:67,1
LF:23
LH:23
BRDA:28,0,0,2
BRDA:28,0,1,1
BRDA:29,1,0,4
BRDA:29,1,1,2
BRDA:30,2,0,4
BRDA:30,2,1,2
BRDA:31,3,0,4
BRDA:31,3,1,1
BRDA:47,4,0,1
BRDA:47,4,1,3
BRDA:56,5,0,1
BRDA:56,5,1,2
BRDA:62,6,0,1
BRDA:62,6,1,1
BRF:14
BRH:14
end_of_record
TN:
SF:src/domain/errors.ts
FN:2,(anonymous_0)
FN:12,(anonymous_1)
FN:18,(anonymous_2)
FN:24,(anonymous_3)
FN:30,(anonymous_4)
FN:40,(anonymous_5)
FNF:6
FNH:3
FNDA:13,(anonymous_0)
FNDA:0,(anonymous_1)
FNDA:10,(anonymous_2)
FNDA:3,(anonymous_3)
FNDA:0,(anonymous_4)
FNDA:0,(anonymous_5)
DA:3,13
DA:4,13
DA:5,13
DA:7,13
DA:13,0
DA:19,10
DA:25,3
DA:32,0
DA:34,0
DA:35,0
DA:41,0
LF:11
LH:6
BRDA:3,0,0,13
BRDA:4,1,0,13
BRDA:5,2,0,13
BRDA:12,3,0,0
BRDA:18,4,0,10
BRDA:24,5,0,3
BRDA:40,6,0,0
BRF:7
BRH:5
end_of_record
TN:
SF:src/domain/entities/client.entity.ts
FN:16,(anonymous_0)
FNF:1
FNH:1
FNDA:15,(anonymous_0)
DA:17,15
DA:18,15
DA:19,15
DA:20,15
LF:4
LH:4
BRDA:17,0,0,15
BRDA:17,0,1,2
BRF:2
BRH:2
end_of_record
TN:
SF:src/domain/entities/product-category.entity.ts
FN:16,(anonymous_0)
FNF:1
FNH:1
FNDA:17,(anonymous_0)
DA:17,17
DA:18,17
DA:19,17
DA:20,1
LF:4
LH:4
BRDA:17,0,0,17
BRDA:17,0,1,0
BRDA:19,1,0,1
BRDA:19,1,1,16
BRF:4
BRH:3
end_of_record
TN:
SF:src/domain/entities/product.entity.ts
FN:20,(anonymous_0)
FNF:1
FNH:1
FNDA:18,(anonymous_0)
DA:21,18
DA:22,18
DA:23,18
DA:24,18
DA:25,18
LF:5
LH:5
BRDA:21,0,0,18
BRDA:21,0,1,4
BRDA:24,1,0,18
BRDA:24,1,1,1
BRF:4
BRH:4
end_of_record
TN:
SF:src/infrastructure/config/di/types.ts
FNF:0
FNH:0
DA:1,13
LF:1
LH:1
BRF:0
BRH:0
end_of_record
TN:
SF:src/infrastructure/repositories/prisma/mappers/prisma-client.mapper.ts
FN:6,(anonymous_0)
FN:15,(anonymous_1)
FN:23,(anonymous_2)
FN:31,(anonymous_3)
FN:45,(anonymous_4)
FNF:5
FNH:5
FNDA:1,(anonymous_0)
FNDA:1,(anonymous_1)
FNDA:1,(anonymous_2)
FNDA:1,(anonymous_3)
FNDA:1,(anonymous_4)
DA:7,1
DA:16,1
DA:24,1
DA:32,1
DA:46,1
LF:5
LH:5
BRF:0
BRH:0
end_of_record
TN:
SF:src/infrastructure/repositories/prisma/mappers/prisma-product-category.mapper.ts
FN:11,(anonymous_0)
FN:16,(anonymous_1)
FNF:2
FNH:2
FNDA:2,(anonymous_0)
FNDA:2,(anonymous_1)
DA:12,3
DA:16,2
LF:2
LH:2
BRDA:15,0,0,3
BRDA:15,0,1,1
BRF:2
BRH:2
end_of_record
TN:
SF:src/infrastructure/repositories/prisma/mappers/prisma-product.mapper.ts
FN:11,(anonymous_0)
FN:23,(anonymous_1)
FN:34,(anonymous_2)
FNF:3
FNH:3
FNDA:2,(anonymous_0)
FNDA:2,(anonymous_1)
FNDA:2,(anonymous_2)
DA:12,4
DA:24,1
DA:35,1
LF:3
LH:3
BRDA:17,0,0,4
BRDA:17,0,1,1
BRF:2
BRH:2
end_of_record
